<?xml version="1.0" encoding="UTF-8" ?>
<testsuite errors="0" failures="0" hostname="DESKTOP-TF7FFGA" name="domein.PersistentieTest" skipped="0" tests="1" time="0.264" timestamp="2019-05-27T12:17:32">
  <properties>
    <property name="jxbrowser.chromium.dir" value="C:\Users\Reeven\AppData\Local\JxBrowser\browsercore-64.0.3282.24.6.21_x64" />
    <property name="libs.spring-framework300.classpath" value="C:\Users\Reeven\Desktop\netbeans\ide\modules\org-apache-commons-logging.jar;C:\Users\Reeven\Desktop\netbeans\java\modules\ext\cglib-2.2.jar;C:\Users\Reeven\Desktop\netbeans\java\modules\ext\spring-3.0\spring-aop-3.2.7.RELEASE.jar;C:\Users\Reeven\Desktop\netbeans\java\modules\ext\spring-3.0\spring-aspects-3.2.7.RELEASE.jar;C:\Users\Reeven\Desktop\netbeans\java\modules\ext\spring-3.0\spring-beans-3.2.7.RELEASE.jar;C:\Users\Reeven\Desktop\netbeans\java\modules\ext\spring-3.0\spring-build-src-3.2.7.RELEASE.jar;C:\Users\Reeven\Desktop\netbeans\java\modules\ext\spring-3.0\spring-context-3.2.7.RELEASE.jar;C:\Users\Reeven\Desktop\netbeans\java\modules\ext\spring-3.0\spring-context-support-3.2.7.RELEASE.jar;C:\Users\Reeven\Desktop\netbeans\java\modules\ext\spring-3.0\spring-core-3.2.7.RELEASE.jar;C:\Users\Reeven\Desktop\netbeans\java\modules\ext\spring-3.0\spring-expression-3.2.7.RELEASE.jar;C:\Users\Reeven\Desktop\netbeans\java\modules\ext\spring-3.0\spring-framework-bom-3.2.7.RELEASE.jar;C:\Users\Reeven\Desktop\netbeans\java\modules\ext\spring-3.0\spring-instrument-3.2.7.RELEASE.jar;C:\Users\Reeven\Desktop\netbeans\java\modules\ext\spring-3.0\spring-instrument-tomcat-3.2.7.RELEASE.jar;C:\Users\Reeven\Desktop\netbeans\java\modules\ext\spring-3.0\spring-jdbc-3.2.7.RELEASE.jar;C:\Users\Reeven\Desktop\netbeans\java\modules\ext\spring-3.0\spring-jms-3.2.7.RELEASE.jar;C:\Users\Reeven\Desktop\netbeans\java\modules\ext\spring-3.0\spring-orm-3.2.7.RELEASE.jar;C:\Users\Reeven\Desktop\netbeans\java\modules\ext\spring-3.0\spring-oxm-3.2.7.RELEASE.jar;C:\Users\Reeven\Desktop\netbeans\java\modules\ext\spring-3.0\spring-struts-3.2.7.RELEASE.jar;C:\Users\Reeven\Desktop\netbeans\java\modules\ext\spring-3.0\spring-test-3.2.7.RELEASE.jar;C:\Users\Reeven\Desktop\netbeans\java\modules\ext\spring-3.0\spring-tx-3.2.7.RELEASE.jar;C:\Users\Reeven\Desktop\netbeans\java\modules\ext\spring-3.0\spring-web-3.2.7.RELEASE.jar;C:\Users\Reeven\Desktop\netbeans\java\modules\ext\spring-3.0\spring-webmvc-3.2.7.RELEASE.jar;C:\Users\Reeven\Desktop\netbeans\java\modules\ext\spring-3.0\spring-webmvc-portlet-3.2.7.RELEASE.jar" />
    <property name="javac.test.classpath" value=":build/classes:C:\Users\Reeven\Desktop\netbeans\platform\modules\ext\junit-4.12.jar:C:\Users\Reeven\Desktop\netbeans\platform\modules\ext\hamcrest-core-1.3.jar" />
    <property name="java.specification.version" value="10" />
    <property name="sun.cpu.isalist" value="amd64" />
    <property name="jar.index.metainf" value="false" />
    <property name="javadoc.preview" value="true" />
    <property name="do.depend" value="false" />
    <property name="libs.spring-framework400.classpath" value="C:\Users\Reeven\Desktop\netbeans\ide\modules\org-apache-commons-logging.jar;C:\Users\Reeven\Desktop\netbeans\java\modules\ext\cglib-2.2.jar;C:\Users\Reeven\Desktop\netbeans\java\modules\ext\spring-4\spring-aop-4.0.1.RELEASE.jar;C:\Users\Reeven\Desktop\netbeans\java\modules\ext\spring-4\spring-aspects-4.0.1.RELEASE.jar;C:\Users\Reeven\Desktop\netbeans\java\modules\ext\spring-4\spring-beans-4.0.1.RELEASE.jar;C:\Users\Reeven\Desktop\netbeans\java\modules\ext\spring-4\spring-build-src-4.0.1.RELEASE.jar;C:\Users\Reeven\Desktop\netbeans\java\modules\ext\spring-4\spring-context-4.0.1.RELEASE.jar;C:\Users\Reeven\Desktop\netbeans\java\modules\ext\spring-4\spring-context-support-4.0.1.RELEASE.jar;C:\Users\Reeven\Desktop\netbeans\java\modules\ext\spring-4\spring-core-4.0.1.RELEASE.jar;C:\Users\Reeven\Desktop\netbeans\java\modules\ext\spring-4\spring-expression-4.0.1.RELEASE.jar;C:\Users\Reeven\Desktop\netbeans\java\modules\ext\spring-4\spring-framework-bom-4.0.1.RELEASE.jar;C:\Users\Reeven\Desktop\netbeans\java\modules\ext\spring-4\spring-instrument-4.0.1.RELEASE.jar;C:\Users\Reeven\Desktop\netbeans\java\modules\ext\spring-4\spring-instrument-tomcat-4.0.1.RELEASE.jar;C:\Users\Reeven\Desktop\netbeans\java\modules\ext\spring-4\spring-jdbc-4.0.1.RELEASE.jar;C:\Users\Reeven\Desktop\netbeans\java\modules\ext\spring-4\spring-jms-4.0.1.RELEASE.jar;C:\Users\Reeven\Desktop\netbeans\java\modules\ext\spring-4\spring-messaging-4.0.1.RELEASE.jar;C:\Users\Reeven\Desktop\netbeans\java\modules\ext\spring-4\spring-orm-4.0.1.RELEASE.jar;C:\Users\Reeven\Desktop\netbeans\java\modules\ext\spring-4\spring-oxm-4.0.1.RELEASE.jar;C:\Users\Reeven\Desktop\netbeans\java\modules\ext\spring-4\spring-test-4.0.1.RELEASE.jar;C:\Users\Reeven\Desktop\netbeans\java\modules\ext\spring-4\spring-tx-4.0.1.RELEASE.jar;C:\Users\Reeven\Desktop\netbeans\java\modules\ext\spring-4\spring-web-4.0.1.RELEASE.jar;C:\Users\Reeven\Desktop\netbeans\java\modules\ext\spring-4\spring-webmvc-4.0.1.RELEASE.jar;C:\Users\Reeven\Desktop\netbeans\java\modules\ext\spring-4\spring-webmvc-portlet-4.0.1.RELEASE.jar;C:\Users\Reeven\Desktop\netbeans\java\modules\ext\spring-4\spring-websocket-4.0.1.RELEASE.jar" />
    <property name="sun.arch.data.model" value="64" />
    <property name="test.binaryincludes" value="&lt;nothing&gt;" />
    <property name="nb.show.statistics.ui" value="usageStatisticsEnabled" />
    <property name="debug-transport" value="dt_shmem" />
    <property name="do.jlink" value="false" />
    <property name="java.vendor.url" value="http://java.oracle.com/" />
    <property name="annotation.processing.enabled" value="true" />
    <property name="libs.jaxb.classpath" value="C:\Users\Reeven\Desktop\netbeans\ide\modules\ext\jaxb\jaxb-impl-2.2.5-2.jar;C:\Users\Reeven\Desktop\netbeans\ide\modules\ext\jaxb\jaxb-xjc-2.2.5-2.jar;C:\Users\Reeven\Desktop\netbeans\ide\modules\ext\jaxb\jaxb1-impl-2.2.5-2.jar;C:\Users\Reeven\Desktop\netbeans\ide\modules\ext\jaxb\activation.jar;C:\Users\Reeven\Desktop\netbeans\ide\modules\ext\jaxb\api\jaxb-api.jar" />
    <property name="debug.modulepath" value="" />
    <property name="libs.eclipselink.javadoc" value="C:\Users\Reeven\Desktop\netbeans\java\modules\ext\docs\javax.persistence-2.1.0-doc.zip" />
    <property name="wordnet.database.dir" value="C:\Users\Reeven\Desktop\netbeans\bin\sde\dict" />
    <property name="libs.JWSAntTasks.javadoc" value="" />
    <property name="platform.home" value="D:\Java\jdk-10.0.2" />
    <property name="sun.boot.library.path" value="D:\Java\jdk-10.0.2\bin" />
    <property name="libs.CopyLibs.src" value="" />
    <property name="sun.java.command" value="org.apache.tools.ant.taskdefs.optional.junit.JUnitTestRunner domein.PersistentieTest skipNonTests=false filtertrace=true haltOnError=false haltOnFailure=false showoutput=true outputtoformatters=true logfailedtests=true threadid=0 logtestlistenerevents=true formatter=org.apache.tools.ant.taskdefs.optional.junit.BriefJUnitResultFormatter formatter=org.apache.tools.ant.taskdefs.optional.junit.XMLJUnitResultFormatter,C:\Users\Reeven\Desktop\Theorie Ontwerpen\Design_Patterns\Adaptor\Oefeningen\AdapterIterator_Start\build\test\results\TEST-domein.PersistentieTest.xml crashfile=C:\Users\Reeven\Desktop\Theorie Ontwerpen\Design_Patterns\Adaptor\Oefeningen\AdapterIterator_Start\build\junitvmwatcher8224671447676035233.properties propsfile=C:\Users\Reeven\Desktop\Theorie Ontwerpen\Design_Patterns\Adaptor\Oefeningen\AdapterIterator_Start\build\junit2800711560317325864.properties" />
    <property name="jdk.debug" value="release" />
    <property name="platforms.JDK_11.home" value="D:\Java\jdk-11.0.1" />
    <property name="libs.spring-framework300.src" value="" />
    <property name="java.specification.vendor" value="Oracle Corporation" />
    <property name="javac.source" value="10" />
    <property name="javadoc.use" value="true" />
    <property name="libs.javac-api.maven-pom" value="" />
    <property name="javadoc.notree" value="false" />
    <property name="java.version.date" value="2018-07-17" />
    <property name="java.home" value="D:\Java\jdk-10.0.2" />
    <property name="basedir" value="C:\Users\Reeven\Desktop\Theorie Ontwerpen\Design_Patterns\Adaptor\Oefeningen\AdapterIterator_Start" />
    <property name="application.vendor" value="imf838" />
    <property name="ant.file.type.Voorbereiden_examen_AdapterIterator_Start" value="file" />
    <property name="work.dir" value="C:\Users\Reeven\Desktop\Theorie Ontwerpen\Design_Patterns\Adaptor\Oefeningen\AdapterIterator_Start" />
    <property name="jna.boot.library.name" value="jnidispatch-440" />
    <property name="java.vm.specification.vendor" value="Oracle Corporation" />
    <property name="java.specification.name" value="Java Platform API Specification" />
    <property name="javac.test.compilerargs" value="" />
    <property name="libs.PostgreSQLDriver.classpath" value="C:\Users\Reeven\Desktop\netbeans\ide\modules\ext\postgresql-9.4.1209.jar" />
    <property name="libs.javac-api.javadoc" value="" />
    <property name="libs.JAXB-ENDORSED.src" value="" />
    <property name="netbeans.extbrowser.manual_chrome_plugin_install" value="yes" />
    <property name="manifest.encoding" value="UTF-8" />
    <property name="user.script" value="" />
    <property name="netbeans.default_userdir_root" value="C:\Users\Reeven\AppData\Roaming\NetBeans" />
    <property name="libs.spring-framework400.src" value="" />
    <property name="sun.management.compiler" value="HotSpot 64-Bit Tiered Compilers" />
    <property name="jdk.home" value="C:\Program Files\Java\jdk1.8.0_202" />
    <property name="run.test.modulepath" value="" />
    <property name="java.runtime.version" value="10.0.2+13" />
    <property name="libs.eclipselink.maven-pom" value="" />
    <property name="libs.JAXB-ENDORSED.javadoc" value="" />
    <property name="debug.test.modulepath" value="" />
    <property name="proxySet" value="false" />
    <property name="platform.bootcp" value="D:\Java\jdk-10.0.2\!/modules/java.activation/;D:\Java\jdk-10.0.2\!/modules/java.base/;D:\Java\jdk-10.0.2\!/modules/java.compiler/;D:\Java\jdk-10.0.2\!/modules/java.corba/;D:\Java\jdk-10.0.2\!/modules/java.datatransfer/;D:\Java\jdk-10.0.2\!/modules/java.desktop/;D:\Java\jdk-10.0.2\!/modules/java.instrument/;D:\Java\jdk-10.0.2\!/modules/java.logging/;D:\Java\jdk-10.0.2\!/modules/java.management/;D:\Java\jdk-10.0.2\!/modules/java.management.rmi/;D:\Java\jdk-10.0.2\!/modules/java.naming/;D:\Java\jdk-10.0.2\!/modules/java.prefs/;D:\Java\jdk-10.0.2\!/modules/java.rmi/;D:\Java\jdk-10.0.2\!/modules/java.scripting/;D:\Java\jdk-10.0.2\!/modules/java.se/;D:\Java\jdk-10.0.2\!/modules/java.se.ee/;D:\Java\jdk-10.0.2\!/modules/java.security.jgss/;D:\Java\jdk-10.0.2\!/modules/java.security.sasl/;D:\Java\jdk-10.0.2\!/modules/java.smartcardio/;D:\Java\jdk-10.0.2\!/modules/java.sql/;D:\Java\jdk-10.0.2\!/modules/java.sql.rowset/;D:\Java\jdk-10.0.2\!/modules/java.transaction/;D:\Java\jdk-10.0.2\!/modules/java.xml/;D:\Java\jdk-10.0.2\!/modules/java.xml.bind/;D:\Java\jdk-10.0.2\!/modules/java.xml.crypto/;D:\Java\jdk-10.0.2\!/modules/java.xml.ws/;D:\Java\jdk-10.0.2\!/modules/java.xml.ws.annotation/;D:\Java\jdk-10.0.2\!/modules/jdk.accessibility/;D:\Java\jdk-10.0.2\!/modules/jdk.aot/;D:\Java\jdk-10.0.2\!/modules/jdk.attach/;D:\Java\jdk-10.0.2\!/modules/jdk.charsets/;D:\Java\jdk-10.0.2\!/modules/jdk.compiler/;D:\Java\jdk-10.0.2\!/modules/jdk.crypto.cryptoki/;D:\Java\jdk-10.0.2\!/modules/jdk.crypto.ec/;D:\Java\jdk-10.0.2\!/modules/jdk.crypto.mscapi/;D:\Java\jdk-10.0.2\!/modules/jdk.dynalink/;D:\Java\jdk-10.0.2\!/modules/jdk.editpad/;D:\Java\jdk-10.0.2\!/modules/jdk.hotspot.agent/;D:\Java\jdk-10.0.2\!/modules/jdk.httpserver/;D:\Java\jdk-10.0.2\!/modules/jdk.incubator.httpclient/;D:\Java\jdk-10.0.2\!/modules/jdk.internal.ed/;D:\Java\jdk-10.0.2\!/modules/jdk.internal.jvmstat/;D:\Java\jdk-10.0.2\!/modules/jdk.internal.le/;D:\Java\jdk-10.0.2\!/modules/jdk.internal.opt/;D:\Java\jdk-10.0.2\!/modules/jdk.internal.vm.ci/;D:\Java\jdk-10.0.2\!/modules/jdk.internal.vm.compiler/;D:\Java\jdk-10.0.2\!/modules/jdk.internal.vm.compiler.management/;D:\Java\jdk-10.0.2\!/modules/jdk.jartool/;D:\Java\jdk-10.0.2\!/modules/jdk.javadoc/;D:\Java\jdk-10.0.2\!/modules/jdk.jcmd/;D:\Java\jdk-10.0.2\!/modules/jdk.jconsole/;D:\Java\jdk-10.0.2\!/modules/jdk.jdeps/;D:\Java\jdk-10.0.2\!/modules/jdk.jdi/;D:\Java\jdk-10.0.2\!/modules/jdk.jdwp.agent/;D:\Java\jdk-10.0.2\!/modules/jdk.jlink/;D:\Java\jdk-10.0.2\!/modules/jdk.jshell/;D:\Java\jdk-10.0.2\!/modules/jdk.jsobject/;D:\Java\jdk-10.0.2\!/modules/jdk.jstatd/;D:\Java\jdk-10.0.2\!/modules/jdk.localedata/;D:\Java\jdk-10.0.2\!/modules/jdk.management/;D:\Java\jdk-10.0.2\!/modules/jdk.management.agent/;D:\Java\jdk-10.0.2\!/modules/jdk.naming.dns/;D:\Java\jdk-10.0.2\!/modules/jdk.naming.rmi/;D:\Java\jdk-10.0.2\!/modules/jdk.net/;D:\Java\jdk-10.0.2\!/modules/jdk.pack/;D:\Java\jdk-10.0.2\!/modules/jdk.rmic/;D:\Java\jdk-10.0.2\!/modules/jdk.scripting.nashorn/;D:\Java\jdk-10.0.2\!/modules/jdk.scripting.nashorn.shell/;D:\Java\jdk-10.0.2\!/modules/jdk.sctp/;D:\Java\jdk-10.0.2\!/modules/jdk.security.auth/;D:\Java\jdk-10.0.2\!/modules/jdk.security.jgss/;D:\Java\jdk-10.0.2\!/modules/jdk.unsupported/;D:\Java\jdk-10.0.2\!/modules/jdk.xml.bind/;D:\Java\jdk-10.0.2\!/modules/jdk.xml.dom/;D:\Java\jdk-10.0.2\!/modules/jdk.xml.ws/;D:\Java\jdk-10.0.2\!/modules/jdk.zipfs/" />
    <property name="sun.java2d.noddraw" value="true" />
    <property name="file.encoding" value="Cp1252" />
    <property name="java.util.logging.config.class" value="org.netbeans.core.startup.TopLogging" />
    <property name="guice.disable.misplaced.annotation.check" value="true" />
    <property name="https.nonProxyHosts" value="localhost|127.0.0.1|DESKTOP-TF7FFGA" />
    <property name="java.vendor.version" value="18.3" />
    <property name="libs.absolutelayout.classpath" value="C:\Users\Reeven\Desktop\netbeans\java\modules\ext\AbsoluteLayout.jar" />
    <property name="java.io.tmpdir" value="C:\Users\Reeven\AppData\Local\Temp\" />
    <property name="org.openide.awt.ActionReference.completion" value="org.netbeans.modules.apisupport.project.layers.PathCompletions" />
    <property name="do.archive" value="true" />
    <property name="ant.file.Voorbereiden_examen_AdapterIterator_Start" value="C:\Users\Reeven\Desktop\Theorie Ontwerpen\Design_Patterns\Adaptor\Oefeningen\AdapterIterator_Start\build.xml" />
    <property name="java.version" value="10.0.2" />
    <property name="java.vm.specification.name" value="Java Virtual Machine Specification" />
    <property name="java.awt.printerjob" value="sun.awt.windows.WPrinterJob" />
    <property name="built-jar.properties" value="C:\Users\Reeven\Desktop\Theorie Ontwerpen\Design_Patterns\Adaptor\Oefeningen\AdapterIterator_Start\build\built-jar.properties" />
    <property name="nb.native.filechooser" value="false" />
    <property name="libs.testng.src" value="" />
    <property name="java.library.path" value="D:\Java\jdk-10.0.2\bin;C:\WINDOWS\Sun\Java\bin;C:\WINDOWS\system32;C:\WINDOWS;C:\Python27\;C:\Python27\Scripts;C:\Program Files (x86)\Common Files\Oracle\Java\javapath;C:\WINDOWS\system32;C:\WINDOWS;C:\WINDOWS\System32\Wbem;C:\WINDOWS\System32\WindowsPowerShell\v1.0\;C:\WINDOWS\System32\OpenSSH\;C:\Program Files\dotnet\;C:\Program Files\Microsoft SQL Server\130\Tools\Binn\;C:\Program Files\Microsoft SQL Server\Client SDK\ODBC\130\Tools\Binn\;C:\Program Files (x86)\Microsoft SQL Server\140\Tools\Binn\;C:\Program Files\Microsoft SQL Server\140\Tools\Binn\;C:\Program Files\Microsoft SQL Server\140\DTS\Binn\;C:\Program Files (x86)\Microsoft SQL Server\140\DTS\Binn\;C:\Program Files (x86)\Microsoft SQL Server\Client SDK\ODBC\130\Tools\Binn\;C:\Program Files (x86)\Microsoft SQL Server\140\Tools\Binn\ManagementStudio\;C:\Program Files (x86)\Microsoft SQL Server\110\DTS\Binn\;C:\Program Files (x86)\Microsoft SQL Server\120\DTS\Binn\;C:\Program Files (x86)\Microsoft SQL Server\130\DTS\Binn\;C:\Program Files (x86)\Microsoft SQL Server\150\DTS\Binn\;C:\Program Files\nodejs\;C:\ProgramData\chocolatey\bin;C:\Program Files\Git\cmd;C:\Program Files\MiKTeX 2.9\miktex\bin\x64\;C:\Program Files\Microsoft SQL Server\110\Tools\Binn\;C:\Program Files (x86)\Gpg4win\..\GnuPG\bin;C:\Program Files (x86)\Intel\Intel(R) Management Engine Components\DAL;C:\Program Files\Intel\Intel(R) Management Engine Components\DAL;C:\Program Files\Intel\WiFi\bin\;C:\Program Files\Common Files\Intel\WirelessCommon\;C:\Users\Reeven\AppData\Local\Programs\Python\Python37\Scripts\;C:\Users\Reeven\AppData\Local\Programs\Python\Python37\;C:\Users\Reeven\AppData\Local\Microsoft\WindowsApps;C:\Users\Reeven\AppData\Local\Programs\Microsoft VS Code\bin;C:\Users\Reeven\AppData\Roaming\npm;C:\Users\Reeven\AppData\Local\GitHubDesktop\bin;C:\Users\Reeven\.dotnet\tools;C:\Program Files\Oracle\VirtualBox;;." />
    <property name="libs.hamcrest.src" value="" />
    <property name="platform.active" value="JDK_10" />
    <property name="java.vendor" value="Oracle Corporation" />
    <property name="manifest.file" value="manifest.mf" />
    <property name="libs.testng.javadoc" value="C:\Users\Reeven\Desktop\netbeans\platform\docs\testng-6.8.1-javadoc.zip" />
    <property name="meta.inf.dir" value="src/META-INF" />
    <property name="run.upgrademodulepath" value="" />
    <property name="sun.io.unicode.encoding" value="UnicodeLittle" />
    <property name="compile.on.save" value="true" />
    <property name="libs.testng.maven-pom" value="" />
    <property name="org.openide.version" value="deprecated" />
    <property name="default.javac.source" value="1.8" />
    <property name="sun.desktop" value="windows" />
    <property name="netbeans.dynamic.classpath" value="C:\Users\Reeven\Desktop\netbeans\platform\core\asm-all-5.0.1.jar;C:\Users\Reeven\Desktop\netbeans\platform\core\core-base.jar;C:\Users\Reeven\Desktop\netbeans\platform\core\core.jar;C:\Users\Reeven\Desktop\netbeans\platform\core\org-netbeans-libs-asm.jar;C:\Users\Reeven\Desktop\netbeans\platform\core\org-openide-filesystems-compat8.jar;C:\Users\Reeven\Desktop\netbeans\platform\core\org-openide-filesystems.jar;C:\Users\Reeven\Desktop\netbeans\nb\core\org-netbeans-upgrader.jar;C:\Users\Reeven\Desktop\netbeans\nb\core\locale\core_nb.jar" />
    <property name="libs.JAVADB_DRIVER_LABEL.src" value="" />
    <property name="run.classpath" value=":build/classes" />
    <property name="libs.jaxb.src" value="" />
    <property name="libs.eclipselinkmodelgen.classpath" value="C:\Users\Reeven\Desktop\netbeans\java\modules\ext\eclipselink\org.eclipse.persistence.jpa.modelgen.processor-2.5.2.jar" />
    <property name="javac.systemmodulepath.cmd.line.arg" value="" />
    <property name="test.src.dir" value="test" />
    <property name="sun.awt.enableExtraMouseButtons" value="true" />
    <property name="org.openide.major.version" value="IDE/1" />
    <property name="libs.spring-framework300.javadoc" value="" />
    <property name="netbeans.buildnumber" value="incubator-netbeans-release-334-on-20180708" />
    <property name="ap.proc.none.internal" value="" />
    <property name="endorsed.classpath.cmd.line.arg" value="" />
    <property name="org.openide.specification.version" value="6.2" />
    <property name="libs.jpa20-persistence.maven-pom" value="" />
    <property name="user.timezone" value="" />
    <property name="jar.index" value="false" />
    <property name="libs.jpa20-persistence.classpath" value="C:\Users\Reeven\Desktop\netbeans\java\modules\ext\eclipselink\javax.persistence-2.1.0.jar" />
    <property name="java.vm.specification.version" value="10" />
    <property name="build.sysclasspath" value="ignore" />
    <property name="os.name" value="Windows 10" />
    <property name="libs.CopyLibs.maven-pom" value="" />
    <property name="libs.eclipselinkmodelgen.javadoc" value="" />
    <property name="ant.file.type.Voorbereiden_examen_AdapterIterator_Start-impl" value="file" />
    <property name="javadoc.noindex" value="false" />
    <property name="platforms.JDK_10.compiler" value="modern" />
    <property name="javadoc.private" value="false" />
    <property name="libs.MyLibrary.maven-pom" value="" />
    <property name="javadoc.author" value="false" />
    <property name="http.nonProxyHosts" value="localhost|127.0.0.1|DESKTOP-TF7FFGA" />
    <property name="main.class" value="adapteroef2.AdapterOef2" />
    <property name="libs.JAXB-ENDORSED.maven-pom" value="" />
    <property name="user.home" value="C:\Users\Reeven" />
    <property name="source.encoding" value="UTF-8" />
    <property name="libs.eclipselinkmodelgen.maven-pom" value="" />
    <property name="jar.compress" value="false" />
    <property name="have.sources" value="true" />
    <property name="annotation.processing.processors.list" value="" />
    <property name="javac.deprecation" value="false" />
    <property name="jlink.launcher" value="false" />
    <property name="java.awt.graphicsenv" value="sun.awt.Win32GraphicsEnvironment" />
    <property name="platform.javac" value="D:\Java\jdk-10.0.2/bin/javac" />
    <property name="build.generated.sources.dir" value="build/generated-sources" />
    <property name="apple.awt.graphics.UseQuartz" value="true" />
    <property name="plugin.manager.check.updates" value="false" />
    <property name="libs.MyLibrary.src" value="" />
    <property name="run.jvmargs" value="" />
    <property name="file.reference.AdapterOef1-test" value="test" />
    <property name="netbeans.autoupdate.language" value="nl" />
    <property name="build.compiler.emacs" value="true" />
    <property name="libs.eclipselinkmodelgen.src" value="" />
    <property name="build.classes.excludes" value="**/*.java,**/*.form" />
    <property name="dist.jar" value="dist/Voorbereiden_examen_AdapterIterator_Start.jar" />
    <property name="ant.file" value="C:\Users\Reeven\Desktop\Theorie Ontwerpen\Design_Patterns\Adaptor\Oefeningen\AdapterIterator_Start\build.xml" />
    <property name="path.separator" value=";" />
    <property name="modules.supported.internal" value="true" />
    <property name="os.version" value="10.0" />
    <property name="libs.JAXB-ENDORSED.classpath" value="C:\Users\Reeven\Desktop\netbeans\ide\modules\ext\jaxb\api\jaxb-api.jar" />
    <property name="netbeans.home" value="C:\Users\Reeven\Desktop\netbeans\platform" />
    <property name="java.endorsed.dirs" value="C:\Program Files\Java\jdk1.8.0_202\jre\lib\endorsed" />
    <property name="libs.CopyLibs.javadoc" value="" />
    <property name="debug-transport-by-os" value="dt_shmem" />
    <property name="build.test.results.dir" value="build/test/results" />
    <property name="libs.jaxws21.javadoc" value="C:\Users\Reeven\Desktop\netbeans\java\docs\jaxws-api-doc.zip" />
    <property name="libs.spring-framework400.maven-pom" value="" />
    <property name="ap.processors.internal" value="" />
    <property name="java.vm.name" value="OpenJDK 64-Bit Server VM" />
    <property name="unnamed.module.internal" value="true" />
    <property name="module.name" value="" />
    <property name="libs.jaxws21.classpath" value="C:\Users\Reeven\Desktop\netbeans\java\modules\ext\jaxws22\FastInfoset.jar;C:\Users\Reeven\Desktop\netbeans\java\modules\ext\jaxws22\gmbal-api-only.jar;C:\Users\Reeven\Desktop\netbeans\java\modules\ext\jaxws22\ha-api.jar;C:\Users\Reeven\Desktop\netbeans\java\modules\ext\jaxws22\javax.mail_1.4.jar;C:\Users\Reeven\Desktop\netbeans\java\modules\ext\jaxws22\jaxws-rt.jar;C:\Users\Reeven\Desktop\netbeans\java\modules\ext\jaxws22\jaxws-tools.jar;C:\Users\Reeven\Desktop\netbeans\java\modules\ext\jaxws22\management-api.jar;C:\Users\Reeven\Desktop\netbeans\java\modules\ext\jaxws22\mimepull.jar;C:\Users\Reeven\Desktop\netbeans\java\modules\ext\jaxws22\policy.jar;C:\Users\Reeven\Desktop\netbeans\java\modules\ext\jaxws22\saaj-impl.jar;C:\Users\Reeven\Desktop\netbeans\java\modules\ext\jaxws22\stax-ex.jar;C:\Users\Reeven\Desktop\netbeans\java\modules\ext\jaxws22\stax2-api.jar;C:\Users\Reeven\Desktop\netbeans\java\modules\ext\jaxws22\streambuffer.jar;C:\Users\Reeven\Desktop\netbeans\java\modules\ext\jaxws22\woodstox-core-asl.jar;C:\Users\Reeven\Desktop\netbeans\java\modules\ext\jaxws22\api\jaxws-api.jar;C:\Users\Reeven\Desktop\netbeans\java\modules\ext\jaxws22\api\jsr181-api.jar;C:\Users\Reeven\Desktop\netbeans\java\modules\ext\jaxws22\api\javax.annotation.jar;C:\Users\Reeven\Desktop\netbeans\java\modules\ext\jaxws22\api\saaj-api.jar;C:\Users\Reeven\Desktop\netbeans\ide\modules\ext\jaxb\activation.jar;C:\Users\Reeven\Desktop\netbeans\ide\modules\ext\jaxb\api\jaxb-api.jar" />
    <property name="libs.MyLibrary.classpath" value="C:\Users\Reeven\Desktop\commons-codec-1.12" />
    <property name="os.arch" value="amd64" />
    <property name="libs.hamcrest.javadoc" value="" />
    <property name="libs.spring-framework400.javadoc" value="" />
    <property name="build.generated.dir" value="build/generated" />
    <property name="libs.javac-api.src" value="" />
    <property name="platform.javadoc.tmp" value="${platforms.JDK_10.javadoc}" />
    <property name="do.jar" value="true" />
    <property name="java.vm.info" value="mixed mode" />
    <property name="libs.jaxws21.maven-pom" value="" />
    <property name="run.test.classpath" value=":build/classes:C:\Users\Reeven\Desktop\netbeans\platform\modules\ext\junit-4.12.jar:C:\Users\Reeven\Desktop\netbeans\platform\modules\ext\hamcrest-core-1.3.jar:build/test/classes" />
    <property name="dist.jlink.output" value="dist/jlink/Voorbereiden examen AdapterIterator_Start" />
    <property name="java.class.version" value="54.0" />
    <property name="javadoc.encoding.used" value="UTF-8" />
    <property name="src.dir" value="src" />
    <property name="org.netbeans.io.suspend" value="0" />
    <property name="ant.project.default-target" value="default" />
    <property name="debug.classpath" value=":build/classes" />
    <property name="awt.toolkit" value="sun.awt.windows.WToolkit" />
    <property name="excludes" value="" />
    <property name="ant.project.name" value="Voorbereiden_examen_AdapterIterator_Start" />
    <property name="platform.java.tmp" value="${platforms.JDK_10.java}" />
    <property name="dist.javadoc.dir" value="dist/javadoc" />
    <property name="libs.junit_4.javadoc" value="C:\Users\Reeven\Desktop\netbeans\platform\docs\junit-4.12-javadoc.jar" />
    <property name="sun.jnu.encoding" value="Cp1252" />
    <property name="run.test.jvmargs" value="" />
    <property name="default.javac.target" value="1.8" />
    <property name="sun.java2d.dpiaware" value="true" />
    <property name="libs.eclipselink.classpath" value="C:\Users\Reeven\Desktop\netbeans\java\modules\ext\eclipselink\org.eclipse.persistence.core-2.5.2.jar;C:\Users\Reeven\Desktop\netbeans\java\modules\ext\eclipselink\org.eclipse.persistence.asm-2.5.2.jar;C:\Users\Reeven\Desktop\netbeans\java\modules\ext\eclipselink\org.eclipse.persistence.antlr-2.5.2.jar;C:\Users\Reeven\Desktop\netbeans\java\modules\ext\eclipselink\org.eclipse.persistence.jpa-2.5.2.jar;C:\Users\Reeven\Desktop\netbeans\java\modules\ext\eclipselink\org.eclipse.persistence.jpa.jpql-2.5.2.jar;C:\Users\Reeven\Desktop\netbeans\java\modules\ext\eclipselink\javax.persistence-2.1.0.jar" />
    <property name="libs.javac-api.classpath" value="" />
    <property name="main.class.available" value="true" />
    <property name="libs.JAVADB_DRIVER_LABEL.classpath" value="C:\Users\Reeven\Desktop\db-derby-10.14.2.0-bin\lib\derby.jar;C:\Users\Reeven\Desktop\db-derby-10.14.2.0-bin\lib\derbyclient.jar;C:\Users\Reeven\Desktop\db-derby-10.14.2.0-bin\lib\derbynet.jar" />
    <property name="netbeans.importclass" value="org.netbeans.upgrade.AutoUpgrade" />
    <property name="libs.MyLibrary.javadoc" value="" />
    <property name="libs.PostgreSQLDriver.maven-pom" value="" />
    <property name="netbeans.autoupdate.version" value="1.23" />
    <property name="libs.absolutelayout.src" value="" />
    <property name="empty.dir" value="C:\Users\Reeven\Desktop\Theorie Ontwerpen\Design_Patterns\Adaptor\Oefeningen\AdapterIterator_Start\build\empty" />
    <property name="testng.mode" value="testng" />
    <property name="annotation.processing.enabled.in.editor" value="false" />
    <property name="netbeans.user" value="C:\Users\Reeven\AppData\Roaming\NetBeans\9.0" />
    <property name="file.separator" value="\" />
    <property name="java.vm.compressedOopsMode" value="Zero based" />
    <property name="line.separator" value="&#xd;&#xa;" />
    <property name="javadoc.additionalparam" value="" />
    <property name="netbeans.productversion" value="Apache NetBeans IDE 9.0 (Build incubator-netbeans-release-334-on-20180708)" />
    <property name="javac.debug" value="true" />
    <property name="sun.boot.class.path" value="C:\Program Files\Java\jdk1.8.0_202\jre\lib\resources.jar;C:\Program Files\Java\jdk1.8.0_202\jre\lib\rt.jar;C:\Program Files\Java\jdk1.8.0_202\jre\lib\sunrsasign.jar;C:\Program Files\Java\jdk1.8.0_202\jre\lib\jsse.jar;C:\Program Files\Java\jdk1.8.0_202\jre\lib\jce.jar;C:\Program Files\Java\jdk1.8.0_202\jre\lib\charsets.jar;C:\Program Files\Java\jdk1.8.0_202\jre\lib\jfr.jar;C:\Program Files\Java\jdk1.8.0_202\jre\classes" />
    <property name="libs.testng.classpath" value="C:\Users\Reeven\Desktop\netbeans\platform\modules\ext\testng-6.8.1-dist.jar" />
    <property name="mkdist.disabled" value="false" />
    <property name="user.name" value="Reeven" />
    <property name="build.classes.dir" value="build/classes" />
    <property name="javadoc.windowtitle" value="" />
    <property name="nb.junit.single" value="false" />
    <property name="nb.internal.action.name" value="test" />
    <property name="libs.absolutelayout.javadoc" value="" />
    <property name="libs.jaxws21.src" value="" />
    <property name="module.build.classes.dir" value="build/classes" />
    <property name="libs.jaxb.maven-pom" value="" />
    <property name="annotation.processing.processor.options" value="" />
    <property name="platforms.JDK_11.bootclasspath" value="D:\Java\jdk-11.0.1\!/modules/java.base/;D:\Java\jdk-11.0.1\!/modules/java.compiler/;D:\Java\jdk-11.0.1\!/modules/java.datatransfer/;D:\Java\jdk-11.0.1\!/modules/java.desktop/;D:\Java\jdk-11.0.1\!/modules/java.instrument/;D:\Java\jdk-11.0.1\!/modules/java.logging/;D:\Java\jdk-11.0.1\!/modules/java.management/;D:\Java\jdk-11.0.1\!/modules/java.management.rmi/;D:\Java\jdk-11.0.1\!/modules/java.naming/;D:\Java\jdk-11.0.1\!/modules/java.net.http/;D:\Java\jdk-11.0.1\!/modules/java.prefs/;D:\Java\jdk-11.0.1\!/modules/java.rmi/;D:\Java\jdk-11.0.1\!/modules/java.scripting/;D:\Java\jdk-11.0.1\!/modules/java.se/;D:\Java\jdk-11.0.1\!/modules/java.security.jgss/;D:\Java\jdk-11.0.1\!/modules/java.security.sasl/;D:\Java\jdk-11.0.1\!/modules/java.smartcardio/;D:\Java\jdk-11.0.1\!/modules/java.sql/;D:\Java\jdk-11.0.1\!/modules/java.sql.rowset/;D:\Java\jdk-11.0.1\!/modules/java.transaction.xa/;D:\Java\jdk-11.0.1\!/modules/java.xml/;D:\Java\jdk-11.0.1\!/modules/java.xml.crypto/;D:\Java\jdk-11.0.1\!/modules/jdk.accessibility/;D:\Java\jdk-11.0.1\!/modules/jdk.aot/;D:\Java\jdk-11.0.1\!/modules/jdk.attach/;D:\Java\jdk-11.0.1\!/modules/jdk.charsets/;D:\Java\jdk-11.0.1\!/modules/jdk.compiler/;D:\Java\jdk-11.0.1\!/modules/jdk.crypto.cryptoki/;D:\Java\jdk-11.0.1\!/modules/jdk.crypto.ec/;D:\Java\jdk-11.0.1\!/modules/jdk.crypto.mscapi/;D:\Java\jdk-11.0.1\!/modules/jdk.dynalink/;D:\Java\jdk-11.0.1\!/modules/jdk.editpad/;D:\Java\jdk-11.0.1\!/modules/jdk.hotspot.agent/;D:\Java\jdk-11.0.1\!/modules/jdk.httpserver/;D:\Java\jdk-11.0.1\!/modules/jdk.internal.ed/;D:\Java\jdk-11.0.1\!/modules/jdk.internal.jvmstat/;D:\Java\jdk-11.0.1\!/modules/jdk.internal.le/;D:\Java\jdk-11.0.1\!/modules/jdk.internal.opt/;D:\Java\jdk-11.0.1\!/modules/jdk.internal.vm.ci/;D:\Java\jdk-11.0.1\!/modules/jdk.internal.vm.compiler/;D:\Java\jdk-11.0.1\!/modules/jdk.internal.vm.compiler.management/;D:\Java\jdk-11.0.1\!/modules/jdk.jartool/;D:\Java\jdk-11.0.1\!/modules/jdk.javadoc/;D:\Java\jdk-11.0.1\!/modules/jdk.jcmd/;D:\Java\jdk-11.0.1\!/modules/jdk.jconsole/;D:\Java\jdk-11.0.1\!/modules/jdk.jdeps/;D:\Java\jdk-11.0.1\!/modules/jdk.jdi/;D:\Java\jdk-11.0.1\!/modules/jdk.jdwp.agent/;D:\Java\jdk-11.0.1\!/modules/jdk.jfr/;D:\Java\jdk-11.0.1\!/modules/jdk.jlink/;D:\Java\jdk-11.0.1\!/modules/jdk.jshell/;D:\Java\jdk-11.0.1\!/modules/jdk.jsobject/;D:\Java\jdk-11.0.1\!/modules/jdk.jstatd/;D:\Java\jdk-11.0.1\!/modules/jdk.localedata/;D:\Java\jdk-11.0.1\!/modules/jdk.management/;D:\Java\jdk-11.0.1\!/modules/jdk.management.agent/;D:\Java\jdk-11.0.1\!/modules/jdk.management.jfr/;D:\Java\jdk-11.0.1\!/modules/jdk.naming.dns/;D:\Java\jdk-11.0.1\!/modules/jdk.naming.rmi/;D:\Java\jdk-11.0.1\!/modules/jdk.net/;D:\Java\jdk-11.0.1\!/modules/jdk.pack/;D:\Java\jdk-11.0.1\!/modules/jdk.rmic/;D:\Java\jdk-11.0.1\!/modules/jdk.scripting.nashorn/;D:\Java\jdk-11.0.1\!/modules/jdk.scripting.nashorn.shell/;D:\Java\jdk-11.0.1\!/modules/jdk.sctp/;D:\Java\jdk-11.0.1\!/modules/jdk.security.auth/;D:\Java\jdk-11.0.1\!/modules/jdk.security.jgss/;D:\Java\jdk-11.0.1\!/modules/jdk.unsupported/;D:\Java\jdk-11.0.1\!/modules/jdk.unsupported.desktop/;D:\Java\jdk-11.0.1\!/modules/jdk.xml.dom/;D:\Java\jdk-11.0.1\!/modules/jdk.zipfs/" />
    <property name="dist.dir" value="dist" />
    <property name="jna.loaded" value="true" />
    <property name="build.dir" value="build" />
    <property name="netbeans.autoupdate.variant" value="" />
    <property name="libs.jpa20-persistence.javadoc" value="C:\Users\Reeven\Desktop\netbeans\java\modules\ext\docs\javax.persistence-2.1.0-doc.zip" />
    <property name="javadoc.version" value="false" />
    <property name="ant.junit.enabletestlistenerevents" value="true" />
    <property name="libs.JWSAntTasks.src" value="" />
    <property name="ant.home" value="C:\Users\Reeven\Desktop\netbeans\extide\ant" />
    <property name="libs.CopyLibs.classpath" value="C:\Users\Reeven\Desktop\netbeans\java\ant\extra\org-netbeans-modules-java-j2seproject-copylibstask.jar" />
    <property name="debug.test.classpath" value=":build/classes:C:\Users\Reeven\Desktop\netbeans\platform\modules\ext\junit-4.12.jar:C:\Users\Reeven\Desktop\netbeans\platform\modules\ext\hamcrest-core-1.3.jar:build/test/classes" />
    <property name="have.tests" value="true" />
    <property name="sun.os.patch.level" value="" />
    <property name="javac.external.vm" value="false" />
    <property name="testng.debug.mode" value="" />
    <property name="javac.target" value="10" />
    <property name="ant.version" value="Apache Ant(TM) version 1.10.4 compiled on June 19 2018" />
    <property name="platforms.JDK_10.home" value="D:\Java\jdk-10.0.2" />
    <property name="libs.absolutelayout.maven-pom" value="" />
    <property name="javadoc.html5" value="false" />
    <property name="javac.test.processorpath" value=":build/classes:C:\Users\Reeven\Desktop\netbeans\platform\modules\ext\junit-4.12.jar:C:\Users\Reeven\Desktop\netbeans\platform\modules\ext\hamcrest-core-1.3.jar" />
    <property name="java.failonerror" value="true" />
    <property name="netbeans.dirs" value="C:\Users\Reeven\Desktop\netbeans\nb;C:\Users\Reeven\Desktop\netbeans\ergonomics;C:\Users\Reeven\Desktop\netbeans\ide;C:\Users\Reeven\Desktop\netbeans\extide;C:\Users\Reeven\Desktop\netbeans\java;C:\Users\Reeven\Desktop\netbeans\apisupport;C:\Users\Reeven\Desktop\netbeans\webcommon;C:\Users\Reeven\Desktop\netbeans\websvccommon;C:\Users\Reeven\Desktop\netbeans\enterprise;C:\Users\Reeven\Desktop\netbeans\mobility;C:\Users\Reeven\Desktop\netbeans\profiler;C:\Users\Reeven\Desktop\netbeans\python;C:\Users\Reeven\Desktop\netbeans\php;C:\Users\Reeven\Desktop\netbeans\identity;C:\Users\Reeven\Desktop\netbeans\harness;C:\Users\Reeven\Desktop\netbeans\cnd;C:\Users\Reeven\Desktop\netbeans\cndext;C:\Users\Reeven\Desktop\netbeans\dlight;C:\Users\Reeven\Desktop\netbeans\groovy;C:\Users\Reeven\Desktop\netbeans\extra;C:\Users\Reeven\Desktop\netbeans\javacard;C:\Users\Reeven\Desktop\netbeans\javafx" />
    <property name="javac.modulepath" value="" />
    <property name="libs.JAVADB_DRIVER_LABEL.javadoc" value="" />
    <property name="user.properties.file" value="C:\Users\Reeven\AppData\Roaming\NetBeans\9.0\build.properties" />
    <property name="file.reference.AdapterOef1-src" value="src" />
    <property name="libs.hamcrest.maven-pom" value="" />
    <property name="netbeans.autoupdate.country" value="BE" />
    <property name="nb.wait.for.caches" value="true" />
    <property name="file.encoding.pkg" value="sun.io" />
    <property name="javac.processorpath" value="" />
    <property name="netbeans.accept_license_class" value="org.netbeans.license.AcceptLicense" />
    <property name="java.class.path" value="C:\Users\Reeven\Desktop\Theorie Ontwerpen\Design_Patterns\Adaptor\Oefeningen\AdapterIterator_Start\build\classes;C:\Users\Reeven\Desktop\netbeans\platform\modules\ext\junit-4.12.jar;C:\Users\Reeven\Desktop\netbeans\platform\modules\ext\hamcrest-core-1.3.jar;C:\Users\Reeven\Desktop\Theorie Ontwerpen\Design_Patterns\Adaptor\Oefeningen\AdapterIterator_Start\build\test\classes;C:\Users\Reeven\Desktop\netbeans\extide\ant\lib\ant-launcher.jar;C:\Users\Reeven\Desktop\netbeans\extide\ant\lib\ant.jar;C:\Users\Reeven\Desktop\netbeans\extide\ant\lib\ant-junit.jar;C:\Users\Reeven\Desktop\netbeans\extide\ant\lib\ant-junit4.jar" />
    <property name="libs.JWSAntTasks.maven-pom" value="" />
    <property name="java.vm.vendor" value="&quot;Oracle Corporation&quot;" />
    <property name="platform.javac.tmp" value="${platforms.JDK_10.javac}" />
    <property name="ap.supported.internal" value="true" />
    <property name="java.util.Arrays.useLegacyMergeSort" value="true" />
    <property name="user.variant" value="" />
    <property name="netbeans.home+have.tests" value="true" />
    <property name="run.modulepath" value="" />
    <property name="javac.upgrademodulepath" value="" />
    <property name="test.binaryexcludes" value="" />
    <property name="do.archive+manifest.available" value="true" />
    <property name="javac.compilerargs" value="" />
    <property name="apple.laf.useScreenMenuBar" value="true" />
    <property name="user.country" value="BE" />
    <property name="sun.java.launcher" value="SUN_STANDARD" />
    <property name="libs.jpa20-persistence.src" value="" />
    <property name="endorsed.classpath" value="" />
    <property name="javac.test.sourcepath" value="C:\Users\Reeven\Desktop\Theorie Ontwerpen\Design_Patterns\Adaptor\Oefeningen\AdapterIterator_Start\build\empty" />
    <property name="sun.cpu.endian" value="little" />
    <property name="libs.junit_4.src" value="C:\Users\Reeven\Desktop\netbeans\platform\docs\junit-4.12-sources.jar" />
    <property name="user.language" value="nl" />
    <property name="junit.selected.version" value="3" />
    <property name="copylibs.rebase" value="true" />
    <property name="includes" value="**" />
    <property name="javadoc.nonavbar" value="false" />
    <property name="platforms.JDK_10.bootclasspath" value="D:\Java\jdk-10.0.2\!/modules/java.activation/;D:\Java\jdk-10.0.2\!/modules/java.base/;D:\Java\jdk-10.0.2\!/modules/java.compiler/;D:\Java\jdk-10.0.2\!/modules/java.corba/;D:\Java\jdk-10.0.2\!/modules/java.datatransfer/;D:\Java\jdk-10.0.2\!/modules/java.desktop/;D:\Java\jdk-10.0.2\!/modules/java.instrument/;D:\Java\jdk-10.0.2\!/modules/java.logging/;D:\Java\jdk-10.0.2\!/modules/java.management/;D:\Java\jdk-10.0.2\!/modules/java.management.rmi/;D:\Java\jdk-10.0.2\!/modules/java.naming/;D:\Java\jdk-10.0.2\!/modules/java.prefs/;D:\Java\jdk-10.0.2\!/modules/java.rmi/;D:\Java\jdk-10.0.2\!/modules/java.scripting/;D:\Java\jdk-10.0.2\!/modules/java.se/;D:\Java\jdk-10.0.2\!/modules/java.se.ee/;D:\Java\jdk-10.0.2\!/modules/java.security.jgss/;D:\Java\jdk-10.0.2\!/modules/java.security.sasl/;D:\Java\jdk-10.0.2\!/modules/java.smartcardio/;D:\Java\jdk-10.0.2\!/modules/java.sql/;D:\Java\jdk-10.0.2\!/modules/java.sql.rowset/;D:\Java\jdk-10.0.2\!/modules/java.transaction/;D:\Java\jdk-10.0.2\!/modules/java.xml/;D:\Java\jdk-10.0.2\!/modules/java.xml.bind/;D:\Java\jdk-10.0.2\!/modules/java.xml.crypto/;D:\Java\jdk-10.0.2\!/modules/java.xml.ws/;D:\Java\jdk-10.0.2\!/modules/java.xml.ws.annotation/;D:\Java\jdk-10.0.2\!/modules/jdk.accessibility/;D:\Java\jdk-10.0.2\!/modules/jdk.aot/;D:\Java\jdk-10.0.2\!/modules/jdk.attach/;D:\Java\jdk-10.0.2\!/modules/jdk.charsets/;D:\Java\jdk-10.0.2\!/modules/jdk.compiler/;D:\Java\jdk-10.0.2\!/modules/jdk.crypto.cryptoki/;D:\Java\jdk-10.0.2\!/modules/jdk.crypto.ec/;D:\Java\jdk-10.0.2\!/modules/jdk.crypto.mscapi/;D:\Java\jdk-10.0.2\!/modules/jdk.dynalink/;D:\Java\jdk-10.0.2\!/modules/jdk.editpad/;D:\Java\jdk-10.0.2\!/modules/jdk.hotspot.agent/;D:\Java\jdk-10.0.2\!/modules/jdk.httpserver/;D:\Java\jdk-10.0.2\!/modules/jdk.incubator.httpclient/;D:\Java\jdk-10.0.2\!/modules/jdk.internal.ed/;D:\Java\jdk-10.0.2\!/modules/jdk.internal.jvmstat/;D:\Java\jdk-10.0.2\!/modules/jdk.internal.le/;D:\Java\jdk-10.0.2\!/modules/jdk.internal.opt/;D:\Java\jdk-10.0.2\!/modules/jdk.internal.vm.ci/;D:\Java\jdk-10.0.2\!/modules/jdk.internal.vm.compiler/;D:\Java\jdk-10.0.2\!/modules/jdk.internal.vm.compiler.management/;D:\Java\jdk-10.0.2\!/modules/jdk.jartool/;D:\Java\jdk-10.0.2\!/modules/jdk.javadoc/;D:\Java\jdk-10.0.2\!/modules/jdk.jcmd/;D:\Java\jdk-10.0.2\!/modules/jdk.jconsole/;D:\Java\jdk-10.0.2\!/modules/jdk.jdeps/;D:\Java\jdk-10.0.2\!/modules/jdk.jdi/;D:\Java\jdk-10.0.2\!/modules/jdk.jdwp.agent/;D:\Java\jdk-10.0.2\!/modules/jdk.jlink/;D:\Java\jdk-10.0.2\!/modules/jdk.jshell/;D:\Java\jdk-10.0.2\!/modules/jdk.jsobject/;D:\Java\jdk-10.0.2\!/modules/jdk.jstatd/;D:\Java\jdk-10.0.2\!/modules/jdk.localedata/;D:\Java\jdk-10.0.2\!/modules/jdk.management/;D:\Java\jdk-10.0.2\!/modules/jdk.management.agent/;D:\Java\jdk-10.0.2\!/modules/jdk.naming.dns/;D:\Java\jdk-10.0.2\!/modules/jdk.naming.rmi/;D:\Java\jdk-10.0.2\!/modules/jdk.net/;D:\Java\jdk-10.0.2\!/modules/jdk.pack/;D:\Java\jdk-10.0.2\!/modules/jdk.rmic/;D:\Java\jdk-10.0.2\!/modules/jdk.scripting.nashorn/;D:\Java\jdk-10.0.2\!/modules/jdk.scripting.nashorn.shell/;D:\Java\jdk-10.0.2\!/modules/jdk.sctp/;D:\Java\jdk-10.0.2\!/modules/jdk.security.auth/;D:\Java\jdk-10.0.2\!/modules/jdk.security.jgss/;D:\Java\jdk-10.0.2\!/modules/jdk.unsupported/;D:\Java\jdk-10.0.2\!/modules/jdk.xml.bind/;D:\Java\jdk-10.0.2\!/modules/jdk.xml.dom/;D:\Java\jdk-10.0.2\!/modules/jdk.xml.ws/;D:\Java\jdk-10.0.2\!/modules/jdk.zipfs/" />
    <property name="ant.java.version" value="1.8" />
    <property name="libs.junit_4.classpath" value="C:\Users\Reeven\Desktop\netbeans\platform\modules\ext\junit-4.12.jar" />
    <property name="libs.hamcrest.classpath" value="C:\Users\Reeven\Desktop\netbeans\platform\modules\ext\hamcrest-core-1.3.jar" />
    <property name="jlink.launcher.name" value="Voorbereiden_examen_AdapterIterator_Start" />
    <property name="javadoc.splitindex" value="true" />
    <property name="libs.JWSAntTasks.classpath" value="C:\Users\Reeven\Desktop\netbeans\java\ant\extra\org-netbeans-modules-javawebstart-anttasks.jar" />
    <property name="test.binarytestincludes" value="" />
    <property name="junit.available" value="true" />
    <property name="sun.awt.keepWorkingSetOnMinimize" value="true" />
    <property name="libs.junit_4.maven-pom" value="" />
    <property name="javac.processormodulepath" value="" />
    <property name="runtime.encoding" value="UTF-8" />
    <property name="javadoc.encoding" value="UTF-8" />
    <property name="javac.classpath" value="" />
    <property name="dist.jlink.dir" value="dist/jlink" />
    <property name="netbeans.hash.code" value="unique=05f639320-ff7c-4be3-a93f-aff2ddd81be8_de6f5286-af66-4d6c-bdac-9e1f03fdeb02" />
    <property name="platform.javadoc" value="D:\Java\jdk-10.0.2/bin/javadoc" />
    <property name="jlink.strip" value="false" />
    <property name="nb.junit.batch" value="true" />
    <property name="libs.JAVADB_DRIVER_LABEL.maven-pom" value="" />
    <property name="ant.file.Voorbereiden_examen_AdapterIterator_Start-impl" value="C:\Users\Reeven\Desktop\Theorie Ontwerpen\Design_Patterns\Adaptor\Oefeningen\AdapterIterator_Start\nbproject\build-impl.xml" />
    <property name="build.test.classes.dir" value="build/test/classes" />
    <property name="java.runtime.name" value="OpenJDK Runtime Environment" />
    <property name="libs.jaxb.javadoc" value="C:\Users\Reeven\Desktop\netbeans\ide\docs\jaxb-api-2.2.5-javadoc.jar" />
    <property name="manifest.available" value="true" />
    <property name="libs.spring-framework300.maven-pom" value="" />
    <property name="ant.project.invoked-targets" value="test" />
    <property name="run.jvmargs.ide" value="" />
    <property name="ap.cmd.line.internal" value="" />
    <property name="libs.PostgreSQLDriver.src" value="" />
    <property name="platform.compiler" value="${platforms.JDK_10.compile}" />
    <property name="ant.core.lib" value="C:\Users\Reeven\Desktop\netbeans\extide\ant\lib\ant.jar" />
    <property name="java.vendor.url.bug" value="http://bugreport.java.com/bugreport/" />
    <property name="annotation.processing.source.output" value="build/generated-sources/ap-source-output" />
    <property name="netbeans.logger.console" value="true" />
    <property name="user.dir" value="C:\Users\Reeven\Desktop\Theorie Ontwerpen\Design_Patterns\Adaptor\Oefeningen\AdapterIterator_Start" />
    <property name="javac.profile.cmd.line.arg" value="" />
    <property name="platforms.JDK_11.compiler" value="modern" />
    <property name="platform.java" value="D:\Java\jdk-10.0.2/bin/java" />
    <property name="application.title" value="Voorbereiden examen AdapterIterator_Start" />
    <property name="do.archive+main.class.available" value="true" />
    <property name="application.args" value="" />
    <property name="org.xml.sax.driver" value="com.sun.org.apache.xerces.internal.jaxp.SAXParserImpl$JAXPSAXParser" />
    <property name="javac.test.modulepath" value="" />
    <property name="ignore.failing.tests" value="true" />
    <property name="libs.PostgreSQLDriver.javadoc" value="" />
    <property name="libs.eclipselink.src" value="" />
    <property name="java.vm.version" value="10.0.2+13" />
    <property name="sun.awt.datatransfer.timeout" value="1000" />
    <property name="java.ext.dirs" value="C:\Program Files\Java\jdk1.8.0_202\jre\lib\ext;C:\WINDOWS\Sun\Java\lib\ext" />
    <property name="annotation.processing.run.all.processors" value="true" />
    <property name="junit.forkmode" value="perTest" />
  </properties>
  <testcase classname="domein.PersistentieTest" name="lezenBestand" time="0.028" />
  <system-out><![CDATA[]]></system-out>
  <system-err><![CDATA[]]></system-err>
</testsuite>
